<?xml version="1.0" encoding="UTF-8"?>
<!-- Generated by org.testng.reporters.JUnitReportReporter -->
<testsuite hostname="LAPTOP-L37LJ34L" failures="0" tests="1" name="com.entry.testcases.IncorpSetBefore_Comafter_Greaterthan2year" time="96.214" errors="0" timestamp="2025-01-29T21:22:09 IST" skipped="0">
  <testcase classname="com.entry.testcases.IncorpSetBefore_Comafter_Greaterthan2year" name="sc10" time="96.214"/>
  <system-out/>
</testsuite> <!-- com.entry.testcases.IncorpSetBefore_Comafter_Greaterthan2year -->
