<?xml version="1.0" encoding="UTF-8"?>
<!-- Generated by org.testng.reporters.JUnitReportReporter -->
<testsuite hostname="DESKTOP-62E9OVJ" failures="0" tests="6" name="com.entry.testcases.Validation" time="341.851" errors="0" timestamp="2025-01-24T13:24:15 IST" skipped="0">
  <testcase classname="com.entry.testcases.Validation" name="sc1" time="56.001"/>
  <system-out/>
  <testcase classname="com.entry.testcases.Validation" name="sc2" time="54.622"/>
  <system-out/>
  <testcase classname="com.entry.testcases.Validation" name="sc3" time="64.773"/>
  <system-out/>
  <testcase classname="com.entry.testcases.Validation" name="sc4" time="55.187"/>
  <system-out/>
  <testcase classname="com.entry.testcases.Validation" name="sc5" time="54.901"/>
  <system-out/>
  <testcase classname="com.entry.testcases.Validation" name="sc6" time="56.367"/>
  <system-out/>
</testsuite> <!-- com.entry.testcases.Validation -->
