<?xml version="1.0" encoding="UTF-8"?>
<!-- Generated by org.testng.reporters.JUnitReportReporter -->
<testsuite hostname="LAPTOP-L37LJ34L" failures="0" tests="1" name="com.entry.testcases.Outside_After_Greaterthan2year" time="70.607" errors="0" timestamp="2025-01-24T19:51:18 IST" skipped="0">
  <testcase classname="com.entry.testcases.Outside_After_Greaterthan2year" name="sc1" time="70.607"/>
  <system-out/>
</testsuite> <!-- com.entry.testcases.Outside_After_Greaterthan2year -->
