<?xml version="1.0" encoding="UTF-8"?>
<!-- Generated by org.testng.reporters.JUnitReportReporter -->
<testsuite hostname="LAPTOP-L37LJ34L" failures="0" tests="1" name="com.entry.testcases.Outside_Expansion_Before" time="88.093" errors="0" timestamp="2025-01-31T22:04:41 IST" skipped="0">
  <testcase classname="com.entry.testcases.Outside_Expansion_Before" name="sc1" time="88.093"/>
  <system-out/>
</testsuite> <!-- com.entry.testcases.Outside_Expansion_Before -->
