<?xml version="1.0" encoding="UTF-8"?>
<!-- Generated by org.testng.reporters.JUnitReportReporter -->
<testsuite hostname="DESKTOP-62E9OVJ" failures="0" tests="2" name="com.entry.testcases.Outside_Expansion_Before" time="258.895" errors="0" timestamp="2025-01-29T16:29:22 IST" skipped="0">
  <testcase classname="com.entry.testcases.Outside_Expansion_Before" name="sc1" time="125.722"/>
  <system-out/>
  <testcase classname="com.entry.testcases.Outside_Expansion_Before" name="sc3" time="133.173"/>
  <system-out/>
</testsuite> <!-- com.entry.testcases.Outside_Expansion_Before -->
