<?xml version="1.0" encoding="UTF-8"?>
<!-- Generated by org.testng.reporters.JUnitReportReporter -->
<testsuite hostname="DESKTOP-62E9OVJ" failures="0" tests="6" name="com.entry.testcases.Incorp_After_Com_NotStarted" time="651.479" errors="0" timestamp="2025-01-29T14:05:00 IST" skipped="0">
  <testcase classname="com.entry.testcases.Incorp_After_Com_NotStarted" name="sc1" time="131.786"/>
  <system-out/>
  <testcase classname="com.entry.testcases.Incorp_After_Com_NotStarted" name="sc2" time="88.548"/>
  <system-out/>
  <testcase classname="com.entry.testcases.Incorp_After_Com_NotStarted" name="sc3" time="119.410"/>
  <system-out/>
  <testcase classname="com.entry.testcases.Incorp_After_Com_NotStarted" name="sc4" time="87.431"/>
  <system-out/>
  <testcase classname="com.entry.testcases.Incorp_After_Com_NotStarted" name="sc5" time="116.874"/>
  <system-out/>
  <testcase classname="com.entry.testcases.Incorp_After_Com_NotStarted" name="sc6" time="107.430"/>
  <system-out/>
</testsuite> <!-- com.entry.testcases.Incorp_After_Com_NotStarted -->
