<?xml version="1.0" encoding="UTF-8"?>
<!-- Generated by org.testng.reporters.JUnitReportReporter -->
<testsuite hostname="DESKTOP-62E9OVJ" failures="0" tests="4" name="com.entry.testcases.Newunit_Alldate_before_Expansion" time="341.689" errors="0" timestamp="2025-01-29T17:16:00 IST" skipped="0">
  <testcase classname="com.entry.testcases.Newunit_Alldate_before_Expansion" name="sc7" time="75.987"/>
  <system-out/>
  <testcase classname="com.entry.testcases.Newunit_Alldate_before_Expansion" name="sc8" time="90.351"/>
  <system-out/>
  <testcase classname="com.entry.testcases.Newunit_Alldate_before_Expansion" name="sc9" time="94.175"/>
  <system-out/>
  <testcase classname="com.entry.testcases.Newunit_Alldate_before_Expansion" name="sc10" time="81.176"/>
  <system-out/>
</testsuite> <!-- com.entry.testcases.Newunit_Alldate_before_Expansion -->
