<?xml version="1.0" encoding="UTF-8"?>
<!-- Generated by org.testng.reporters.JUnitReportReporter -->
<testsuite hostname="DESKTOP-62E9OVJ" failures="0" tests="1" name="com.entry.testcases.Outside_Expansion" time="82.430" errors="0" timestamp="2025-01-24T17:04:48 IST" skipped="0">
  <testcase classname="com.entry.testcases.Outside_Expansion" name="sc4" time="82.430"/>
  <system-out/>
</testsuite> <!-- com.entry.testcases.Outside_Expansion -->
