<?xml version="1.0" encoding="UTF-8"?>
<!-- Generated by org.testng.reporters.JUnitReportReporter -->
<testsuite hostname="DESKTOP-62E9OVJ" failures="0" tests="6" name="com.entry.testcases.Outside_After_lessthan2Year" time="370.487" errors="0" timestamp="2025-02-05T12:13:07 IST" skipped="0">
  <testcase classname="com.entry.testcases.Outside_After_lessthan2Year" name="sc1" time="59.767"/>
  <system-out/>
  <testcase classname="com.entry.testcases.Outside_After_lessthan2Year" name="sc2" time="57.639"/>
  <system-out/>
  <testcase classname="com.entry.testcases.Outside_After_lessthan2Year" name="sc3" time="67.740"/>
  <system-out/>
  <testcase classname="com.entry.testcases.Outside_After_lessthan2Year" name="sc4" time="57.997"/>
  <system-out/>
  <testcase classname="com.entry.testcases.Outside_After_lessthan2Year" name="sc5" time="59.328"/>
  <system-out/>
  <testcase classname="com.entry.testcases.Outside_After_lessthan2Year" name="sc6" time="68.016"/>
  <system-out/>
</testsuite> <!-- com.entry.testcases.Outside_After_lessthan2Year -->
