<?xml version="1.0" encoding="UTF-8"?>
<!-- Generated by org.testng.reporters.JUnitReportReporter -->
<testsuite hostname="DESKTOP-62E9OVJ" failures="0" tests="4" name="com.entry.testcases.Outside_Expansion_Before" time="317.122" errors="0" timestamp="2025-02-06T16:05:01 IST" skipped="0">
  <testcase classname="com.entry.testcases.Outside_Expansion_Before" name="sc1" time="75.552"/>
  <system-out/>
  <testcase classname="com.entry.testcases.Outside_Expansion_Before" name="sc2" time="73.767"/>
  <system-out/>
  <testcase classname="com.entry.testcases.Outside_Expansion_Before" name="sc3" time="83.418"/>
  <system-out/>
  <testcase classname="com.entry.testcases.Outside_Expansion_Before" name="sc4" time="84.385"/>
  <system-out/>
</testsuite> <!-- com.entry.testcases.Outside_Expansion_Before -->
