<?xml version="1.0" encoding="UTF-8"?>
<!-- Generated by org.testng.reporters.JUnitReportReporter -->
<testsuite hostname="LAPTOP-L37LJ34L" failures="0" tests="1" name="com.entry.testcases.IncorpBefore_SetcomAfter_Greaterthan2year" time="113.633" errors="0" timestamp="2025-01-29T21:22:10 IST" skipped="0">
  <testcase classname="com.entry.testcases.IncorpBefore_SetcomAfter_Greaterthan2year" name="sc10" time="113.633"/>
  <system-out/>
</testsuite> <!-- com.entry.testcases.IncorpBefore_SetcomAfter_Greaterthan2year -->
