<?xml version="1.0" encoding="UTF-8"?>
<!-- Generated by org.testng.reporters.JUnitReportReporter -->
<testsuite hostname="DESKTOP-62E9OVJ" failures="0" tests="6" name="com.entry.testcases.IncorpSetBefore_Comafter_lessthan2year" time="355.869" errors="0" timestamp="2025-01-29T14:05:00 IST" skipped="0">
  <testcase classname="com.entry.testcases.IncorpSetBefore_Comafter_lessthan2year" name="sc1" time="56.675"/>
  <system-out/>
  <testcase classname="com.entry.testcases.IncorpSetBefore_Comafter_lessthan2year" name="sc2" time="56.779"/>
  <system-out/>
  <testcase classname="com.entry.testcases.IncorpSetBefore_Comafter_lessthan2year" name="sc3" time="64.964"/>
  <system-out/>
  <testcase classname="com.entry.testcases.IncorpSetBefore_Comafter_lessthan2year" name="sc4" time="56.229"/>
  <system-out/>
  <testcase classname="com.entry.testcases.IncorpSetBefore_Comafter_lessthan2year" name="sc5" time="56.676"/>
  <system-out/>
  <testcase classname="com.entry.testcases.IncorpSetBefore_Comafter_lessthan2year" name="sc6" time="64.546"/>
  <system-out/>
</testsuite> <!-- com.entry.testcases.IncorpSetBefore_Comafter_lessthan2year -->
