<?xml version="1.0" encoding="UTF-8"?>
<!-- Generated by org.testng.reporters.JUnitReportReporter -->
<testsuite hostname="DESKTOP-62E9OVJ" failures="0" tests="6" name="com.entry.testcases.IncorpBefore_SetcomAfter_lessthan2year" time="368.152" errors="0" timestamp="2025-01-29T14:05:00 IST" skipped="0">
  <testcase classname="com.entry.testcases.IncorpBefore_SetcomAfter_lessthan2year" name="sc1" time="58.392"/>
  <system-out/>
  <testcase classname="com.entry.testcases.IncorpBefore_SetcomAfter_lessthan2year" name="sc2" time="64.912"/>
  <system-out/>
  <testcase classname="com.entry.testcases.IncorpBefore_SetcomAfter_lessthan2year" name="sc3" time="66.501"/>
  <system-out/>
  <testcase classname="com.entry.testcases.IncorpBefore_SetcomAfter_lessthan2year" name="sc4" time="56.205"/>
  <system-out/>
  <testcase classname="com.entry.testcases.IncorpBefore_SetcomAfter_lessthan2year" name="sc5" time="56.273"/>
  <system-out/>
  <testcase classname="com.entry.testcases.IncorpBefore_SetcomAfter_lessthan2year" name="sc6" time="65.869"/>
  <system-out/>
</testsuite> <!-- com.entry.testcases.IncorpBefore_SetcomAfter_lessthan2year -->
