<?xml version="1.0" encoding="UTF-8"?>
<!-- Generated by org.testng.reporters.JUnitReportReporter -->
<testsuite hostname="DESKTOP-62E9OVJ" failures="0" tests="6" name="com.entry.testcases.Outside_After_lessthan2Year" time="612.833" errors="0" timestamp="2025-01-29T14:05:00 IST" skipped="0">
  <testcase classname="com.entry.testcases.Outside_After_lessthan2Year" name="sc1" time="100.678"/>
  <system-out/>
  <testcase classname="com.entry.testcases.Outside_After_lessthan2Year" name="sc2" time="71.270"/>
  <system-out/>
  <testcase classname="com.entry.testcases.Outside_After_lessthan2Year" name="sc3" time="121.918"/>
  <system-out/>
  <testcase classname="com.entry.testcases.Outside_After_lessthan2Year" name="sc4" time="148.450"/>
  <system-out/>
  <testcase classname="com.entry.testcases.Outside_After_lessthan2Year" name="sc5" time="89.089"/>
  <system-out/>
  <testcase classname="com.entry.testcases.Outside_After_lessthan2Year" name="sc6" time="81.428"/>
  <system-out/>
</testsuite> <!-- com.entry.testcases.Outside_After_lessthan2Year -->
