<?xml version="1.0" encoding="UTF-8"?>
<!-- Generated by org.testng.reporters.JUnitReportReporter -->
<testsuite hostname="LAPTOP-L37LJ34L" failures="0" tests="2" name="com.entry.testcases.Incorp_After_Comgreaterthan2year" time="219.404" errors="0" timestamp="2025-01-29T21:22:10 IST" skipped="0">
  <testcase classname="com.entry.testcases.Incorp_After_Comgreaterthan2year" name="sc9" time="117.655"/>
  <system-out/>
  <testcase classname="com.entry.testcases.Incorp_After_Comgreaterthan2year" name="sc10" time="101.749"/>
  <system-out/>
</testsuite> <!-- com.entry.testcases.Incorp_After_Comgreaterthan2year -->
