<?xml version="1.0" encoding="UTF-8"?>
<!-- Generated by org.testng.reporters.JUnitReportReporter -->
<testsuite hostname="DESKTOP-62E9OVJ" failures="0" tests="4" name="com.entry.testcases.Outside_Expansion_Before" time="309.380" errors="0" timestamp="2025-01-24T17:14:16 IST" skipped="0">
  <testcase classname="com.entry.testcases.Outside_Expansion_Before" name="sc1" time="72.691"/>
  <system-out/>
  <testcase classname="com.entry.testcases.Outside_Expansion_Before" name="sc2" time="71.985"/>
  <system-out/>
  <testcase classname="com.entry.testcases.Outside_Expansion_Before" name="sc3" time="81.676"/>
  <system-out/>
  <testcase classname="com.entry.testcases.Outside_Expansion_Before" name="sc4" time="83.028"/>
  <system-out/>
</testsuite> <!-- com.entry.testcases.Outside_Expansion_Before -->
