<?xml version="1.0" encoding="UTF-8"?>
<!-- Generated by org.testng.reporters.JUnitReportReporter -->
<testsuite hostname="DESKTOP-62E9OVJ" failures="0" tests="6" name="com.entry.testcases.Incorp_After_Comlessthan2year" time="418.071" errors="0" timestamp="2025-01-29T14:05:00 IST" skipped="0">
  <testcase classname="com.entry.testcases.Incorp_After_Comlessthan2year" name="sc1" time="65.889"/>
  <system-out/>
  <testcase classname="com.entry.testcases.Incorp_After_Comlessthan2year" name="sc2" time="63.500"/>
  <system-out/>
  <testcase classname="com.entry.testcases.Incorp_After_Comlessthan2year" name="sc3" time="80.561"/>
  <system-out/>
  <testcase classname="com.entry.testcases.Incorp_After_Comlessthan2year" name="sc4" time="75.832"/>
  <system-out/>
  <testcase classname="com.entry.testcases.Incorp_After_Comlessthan2year" name="sc5" time="61.003"/>
  <system-out/>
  <testcase classname="com.entry.testcases.Incorp_After_Comlessthan2year" name="sc6" time="71.286"/>
  <system-out/>
</testsuite> <!-- com.entry.testcases.Incorp_After_Comlessthan2year -->
