<?xml version="1.0" encoding="UTF-8"?>
<!-- Generated by org.testng.reporters.JUnitReportReporter -->
<testsuite hostname="LAPTOP-L37LJ34L" failures="0" tests="2" name="com.entry.testcases.Outside_After_Greaterthan2year" time="224.696" errors="0" timestamp="2025-01-30T20:47:10 IST" skipped="0">
  <testcase classname="com.entry.testcases.Outside_After_Greaterthan2year" name="sc9" time="107.772"/>
  <system-out/>
  <testcase classname="com.entry.testcases.Outside_After_Greaterthan2year" name="sc10" time="116.924"/>
  <system-out/>
</testsuite> <!-- com.entry.testcases.Outside_After_Greaterthan2year -->
