<?xml version="1.0" encoding="UTF-8"?>
<!-- Generated by org.testng.reporters.JUnitReportReporter -->
<testsuite hostname="DESKTOP-62E9OVJ" failures="0" tests="6" name="com.entry.testcases.Outside_After_ComopNotStart" time="593.813" errors="0" timestamp="2025-01-29T14:05:00 IST" skipped="0">
  <testcase classname="com.entry.testcases.Outside_After_ComopNotStart" name="sc1" time="87.971"/>
  <system-out/>
  <testcase classname="com.entry.testcases.Outside_After_ComopNotStart" name="sc2" time="95.644"/>
  <system-out/>
  <testcase classname="com.entry.testcases.Outside_After_ComopNotStart" name="sc3" time="128.144"/>
  <system-out/>
  <testcase classname="com.entry.testcases.Outside_After_ComopNotStart" name="sc4" time="70.878"/>
  <system-out/>
  <testcase classname="com.entry.testcases.Outside_After_ComopNotStart" name="sc5" time="106.566"/>
  <system-out/>
  <testcase classname="com.entry.testcases.Outside_After_ComopNotStart" name="sc6" time="104.610"/>
  <system-out/>
</testsuite> <!-- com.entry.testcases.Outside_After_ComopNotStart -->
