<?xml version="1.0" encoding="UTF-8"?>
<!-- Generated by org.testng.reporters.JUnitReportReporter -->
<testsuite hostname="DESKTOP-62E9OVJ" failures="0" tests="4" name="com.entry.testcases.Outside_Expansion_Before" time="309.477" errors="0" timestamp="2025-02-03T16:57:49 IST" skipped="0">
  <testcase classname="com.entry.testcases.Outside_Expansion_Before" name="sc1" time="74.049"/>
  <system-out/>
  <testcase classname="com.entry.testcases.Outside_Expansion_Before" name="sc2" time="72.827"/>
  <system-out/>
  <testcase classname="com.entry.testcases.Outside_Expansion_Before" name="sc3" time="81.753"/>
  <system-out/>
  <testcase classname="com.entry.testcases.Outside_Expansion_Before" name="sc4" time="80.848"/>
  <system-out/>
</testsuite> <!-- com.entry.testcases.Outside_Expansion_Before -->
